This is pdfTeX, Version 3.141592653-2.6-1.40.22 (MiKTeX 21.2) (preloaded format=pdflatex 2021.3.7)  7 MAR 2021 06:07
entering extended mode
**./Practica_02_CynthiaIvannaCruzQuiñones.tex
(Practica_02_CynthiaIvannaCruzQuiñones.tex
LaTeX2e <2020-10-01> patch level 4
L3 programming layer <2021-02-18> xparse <2020-03-03>
(C:\Users\Ivanna\AppData\Local\Programs\MiKTeX\tex/latex/base\article.cls
Document Class: article 2020/04/10 v1.4m Standard LaTeX document class
(C:\Users\Ivanna\AppData\Local\Programs\MiKTeX\tex/latex/base\size12.clo
File: size12.clo 2020/04/10 v1.4m Standard LaTeX file (size option)
)
\c@part=\count179
\c@section=\count180
\c@subsection=\count181
\c@subsubsection=\count182
\c@paragraph=\count183
\c@subparagraph=\count184
\c@figure=\count185
\c@table=\count186
\abovecaptionskip=\skip47
\belowcaptionskip=\skip48
\bibindent=\dimen138
)
(C:\Users\Ivanna\AppData\Local\Programs\MiKTeX\tex/generic/babel\babel.sty
Package: babel 2021/03/03 3.55 The Babel package

(C:\Users\Ivanna\AppData\Local\Programs\MiKTeX\tex/generic/babel\babel.def
File: babel.def 2021/03/03 3.55 Babel common definitions
\babel@savecnt=\count187
\U@D=\dimen139
\l@babelnohyphens=\language79

(C:\Users\Ivanna\AppData\Local\Programs\MiKTeX\tex/generic/babel\txtbabel.def)
\bbl@readstream=\read2
)
\bbl@dirlevel=\count188
*************************************
* Local config file bblopts.cfg used
*
(C:\Users\Ivanna\AppData\Local\Programs\MiKTeX\tex/latex/arabi\bblopts.cfg
File: bblopts.cfg 2005/09/08 v0.1 add Arabic and Farsi to "declared" options of
 babel
)
(C:\Users\Ivanna\AppData\Local\Programs\MiKTeX\tex/latex/babel-spanish\spanish.
ldf
Language: spanish.ldf 2016/03/03 v5.0p Spanish support from the babel system
\es@quottoks=\toks15
\es@quotdepth=\count189
Package babel Info: Making " an active character on input line 561.
Package babel Info: Making . an active character on input line 662.
Package babel Info: Making < an active character on input line 707.
Package babel Info: Making > an active character on input line 707.
))
(C:\Users\Ivanna\AppData\Local\Programs\MiKTeX\tex/latex/base\inputenc.sty
Package: inputenc 2020/08/01 v1.3d Input encoding file
\inpenc@prehook=\toks16
\inpenc@posthook=\toks17
)
(C:\Users\Ivanna\AppData\Local\Programs\MiKTeX\tex/latex/natbib\natbib.sty
Package: natbib 2010/09/13 8.31b (PWD, AO)
\bibhang=\skip49
\bibsep=\skip50
LaTeX Info: Redefining \cite on input line 694.
\c@NAT@ctr=\count190
)
(C:\Users\Ivanna\AppData\Local\Programs\MiKTeX\tex/latex/graphics\graphicx.sty
Package: graphicx 2020/09/09 v1.2b Enhanced LaTeX Graphics (DPC,SPQR)

(C:\Users\Ivanna\AppData\Local\Programs\MiKTeX\tex/latex/graphics\keyval.sty
Package: keyval 2014/10/28 v1.15 key=value parser (DPC)
\KV@toks@=\toks18
)
(C:\Users\Ivanna\AppData\Local\Programs\MiKTeX\tex/latex/graphics\graphics.sty
Package: graphics 2020/08/30 v1.4c Standard LaTeX Graphics (DPC,SPQR)

(C:\Users\Ivanna\AppData\Local\Programs\MiKTeX\tex/latex/graphics\trig.sty
Package: trig 2016/01/03 v1.10 sin cos tan (DPC)
)
(C:\Users\Ivanna\AppData\Local\Programs\MiKTeX\tex/latex/graphics-cfg\graphics.
cfg
File: graphics.cfg 2016/06/04 v1.11 sample graphics configuration
)
Package graphics Info: Driver file: pdftex.def on input line 105.

(C:\Users\Ivanna\AppData\Local\Programs\MiKTeX\tex/latex/graphics-def\pdftex.de
f
File: pdftex.def 2020/10/05 v1.2a Graphics/color driver for pdftex
))
\Gin@req@height=\dimen140
\Gin@req@width=\dimen141
)
(C:\Users\Ivanna\AppData\Local\Programs\MiKTeX\tex/latex/amsfonts\amsfonts.sty
Package: amsfonts 2013/01/14 v3.01 Basic AMSFonts support
\@emptytoks=\toks19
\symAMSa=\mathgroup4
\symAMSb=\mathgroup5
LaTeX Font Info:    Redeclaring math symbol \hbar on input line 98.
LaTeX Font Info:    Overwriting math alphabet `\mathfrak' in version `bold'
(Font)                  U/euf/m/n --> U/euf/b/n on input line 106.
) (C:\Users\Ivanna\AppData\Local\Programs\MiKTeX\tex/latex/geometry\geometry.st
y
Package: geometry 2020/01/02 v5.9 Page Geometry
(C:\Users\Ivanna\AppData\Local\Programs\MiKTeX\tex/generic/iftex\ifvtex.sty
Package: ifvtex 2019/10/25 v1.7 ifvtex legacy package. Use iftex instead.

(C:\Users\Ivanna\AppData\Local\Programs\MiKTeX\tex/generic/iftex\iftex.sty
Package: iftex 2020/03/06 v1.0d TeX engine tests
))
\Gm@cnth=\count191
\Gm@cntv=\count192
\c@Gm@tempcnt=\count193
\Gm@bindingoffset=\dimen142
\Gm@wd@mp=\dimen143
\Gm@odd@mp=\dimen144
\Gm@even@mp=\dimen145
\Gm@layoutwidth=\dimen146
\Gm@layoutheight=\dimen147
\Gm@layouthoffset=\dimen148
\Gm@layoutvoffset=\dimen149
\Gm@dimlist=\toks20

(C:\Users\Ivanna\AppData\Local\Programs\MiKTeX\tex/latex/geometry\geometry.cfg)
)
(C:\Users\Ivanna\AppData\Local\Programs\MiKTeX\tex/latex/listings\listings.sty
\lst@mode=\count194
\lst@gtempboxa=\box47
\lst@token=\toks21
\lst@length=\count195
\lst@currlwidth=\dimen150
\lst@column=\count196
\lst@pos=\count197
\lst@lostspace=\dimen151
\lst@width=\dimen152
\lst@newlines=\count198
\lst@lineno=\count199
\lst@maxwidth=\dimen153

(C:\Users\Ivanna\AppData\Local\Programs\MiKTeX\tex/latex/listings\lstmisc.sty
File: lstmisc.sty 2020/03/24 1.8d (Carsten Heinz)
\c@lstnumber=\count266
\lst@skipnumbers=\count267
\lst@framebox=\box48
)
(C:\Users\Ivanna\AppData\Local\Programs\MiKTeX\tex/latex/listings\listings.cfg
File: listings.cfg 2020/03/24 1.8d listings configuration
))
Package: listings 2020/03/24 1.8d (Carsten Heinz)
 (C:\Users\Ivanna\AppData\Local\Programs\MiKTeX\tex/latex/graphics\color.sty
Package: color 2020/02/24 v1.2b Standard LaTeX Color (DPC)

(C:\Users\Ivanna\AppData\Local\Programs\MiKTeX\tex/latex/graphics-cfg\color.cfg
File: color.cfg 2016/01/02 v1.6 sample color configuration
)
Package color Info: Driver file: pdftex.def on input line 147.

(C:\Users\Ivanna\AppData\Local\Programs\MiKTeX\tex/latex/graphics\dvipsnam.def
File: dvipsnam.def 2016/06/17 v3.0m Driver-dependent file (DPC,SPQR)
)) (C:\Users\Ivanna\AppData\Local\Programs\MiKTeX\tex/latex/subfig\subfig.sty
Package: subfig 2005/06/28 ver: 1.3 subfig package

(C:\Users\Ivanna\AppData\Local\Programs\MiKTeX\tex/latex/caption\caption.sty
Package: caption 2020/10/26 v3.5g Customizing captions (AR)

(C:\Users\Ivanna\AppData\Local\Programs\MiKTeX\tex/latex/caption\caption3.sty
Package: caption3 2020/10/21 v2.2e caption3 kernel (AR)
\captionmargin=\dimen154
\captionmargin@=\dimen155
\captionwidth=\dimen156
\caption@tempdima=\dimen157
\caption@indent=\dimen158
\caption@parindent=\dimen159
\caption@hangindent=\dimen160
Package caption Info: Standard document class detected.
)
\c@caption@flags=\count268
\c@continuedfloat=\count269
Package caption Info: listings package is loaded.
)
\c@KVtest=\count270
\sf@farskip=\skip51
\sf@captopadj=\dimen161
\sf@capskip=\skip52
\sf@nearskip=\skip53
\c@subfigure=\count271
\c@subfigure@save=\count272
\c@lofdepth=\count273
\c@subtable=\count274
\c@subtable@save=\count275
\c@lotdepth=\count276
\sf@top=\skip54
\sf@bottom=\skip55
)
(C:\Users\Ivanna\AppData\Local\Programs\MiKTeX\tex/latex/l3backend\l3backend-pd
ftex.def
File: l3backend-pdftex.def 2021-03-02 L3 backend support: PDF output (pdfTeX)
\l__color_backend_stack_int=\count277
\l__pdf_internal_box=\box49
) (Practica_02_CynthiaIvannaCruzQuiñones.aux
LaTeX Info: Redefining \. on input line 8.
LaTeX Info: Redefining \% on input line 8.
)
\openout1 = `Practica_02_CynthiaIvannaCruzQuiñones.aux'.

LaTeX Font Info:    Checking defaults for OML/cmm/m/it on input line 20.
LaTeX Font Info:    ... okay on input line 20.
LaTeX Font Info:    Checking defaults for OMS/cmsy/m/n on input line 20.
LaTeX Font Info:    ... okay on input line 20.
LaTeX Font Info:    Checking defaults for OT1/cmr/m/n on input line 20.
LaTeX Font Info:    ... okay on input line 20.
LaTeX Font Info:    Checking defaults for T1/cmr/m/n on input line 20.
LaTeX Font Info:    ... okay on input line 20.
LaTeX Font Info:    Checking defaults for TS1/cmr/m/n on input line 20.
LaTeX Font Info:    ... okay on input line 20.
LaTeX Font Info:    Checking defaults for OMX/cmex/m/n on input line 20.
LaTeX Font Info:    ... okay on input line 20.
LaTeX Font Info:    Checking defaults for U/cmr/m/n on input line 20.
LaTeX Font Info:    ... okay on input line 20.
LaTeX Info: Redefining \. on input line 20.
LaTeX Info: Redefining \% on input line 20.

(C:\Users\Ivanna\AppData\Local\Programs\MiKTeX\tex/context/base/mkii\supp-pdf.m
kii
[Loading MPS to PDF converter (version 2006.09.02).]
\scratchcounter=\count278
\scratchdimen=\dimen162
\scratchbox=\box50
\nofMPsegments=\count279
\nofMParguments=\count280
\everyMPshowfont=\toks22
\MPscratchCnt=\count281
\MPscratchDim=\dimen163
\MPnumerator=\count282
\makeMPintoPDFobject=\count283
\everyMPtoPDFconversion=\toks23
)
(C:\Users\Ivanna\AppData\Local\Programs\MiKTeX\tex/latex/epstopdf-pkg\epstopdf-
base.sty
Package: epstopdf-base 2020-01-24 v2.11 Base part for package epstopdf
Package epstopdf-base Info: Redefining graphics rule for `.eps' on input line 4
85.
)
*geometry* driver: auto-detecting
*geometry* detected driver: pdftex
*geometry* verbose mode - [ preamble ] result:
* driver: pdftex
* paper: a4paper
* layout: <same size as paper>
* layoutoffset:(h,v)=(0.0pt,0.0pt)
* modes: 
* h-part:(L,W,R)=(56.9055pt, 483.69687pt, 56.9055pt)
* v-part:(T,H,B)=(56.9055pt, 731.23584pt, 56.9055pt)
* \paperwidth=597.50787pt
* \paperheight=845.04684pt
* \textwidth=483.69687pt
* \textheight=731.23584pt
* \oddsidemargin=-15.36449pt
* \evensidemargin=-15.36449pt
* \topmargin=-52.36449pt
* \headheight=12.0pt
* \headsep=25.0pt
* \topskip=12.0pt
* \footskip=30.0pt
* \marginparwidth=35.0pt
* \marginparsep=10.0pt
* \columnsep=10.0pt
* \skip\footins=10.8pt plus 4.0pt minus 2.0pt
* \hoffset=0.0pt
* \voffset=0.0pt
* \mag=1000
* \@twocolumnfalse
* \@twosidefalse
* \@mparswitchfalse
* \@reversemarginfalse
* (1in=72.27pt=25.4mm, 1cm=28.453pt)

\c@lstlisting=\count284
Package caption Info: Begin \AtBeginDocument code.
Package caption Info: subfig package v1.3 is loaded.
Package caption Info: End \AtBeginDocument code.
LaTeX Font Info:    Trying to load font information for U+msa on input line 21.

(C:\Users\Ivanna\AppData\Local\Programs\MiKTeX\tex/latex/amsfonts\umsa.fd
File: umsa.fd 2013/01/14 v3.01 AMS symbols A
)
LaTeX Font Info:    Trying to load font information for U+msb on input line 21.


(C:\Users\Ivanna\AppData\Local\Programs\MiKTeX\tex/latex/amsfonts\umsb.fd
File: umsb.fd 2013/01/14 v3.01 AMS symbols B
)
[1

{C:/Users/Ivanna/AppData/Local/MiKTeX/pdftex/config/pdftex.map}]
(Practica_02_CynthiaIvannaCruzQuiñones.toc
LaTeX Info: Redefining \. on input line 1.
LaTeX Info: Redefining \% on input line 1.
)
\tf@toc=\write3
\openout3 = `Practica_02_CynthiaIvannaCruzQuiñones.toc'.

 [2]
<Mosaico.png, id=11, 403.5075pt x 316.18124pt>
File: Mosaico.png Graphic file (type png)
<use Mosaico.png>
Package pdftex.def Info: Mosaico.png  used on input line 55.
(pdftex.def)             Requested size: 282.45332pt x 221.32535pt.
 [3 <./Mosaico.png>]
<DensityCabello.png, id=17, 403.5075pt x 316.18124pt>
File: DensityCabello.png Graphic file (type png)
<use DensityCabello.png>
Package pdftex.def Info: DensityCabello.png  used on input line 72.
(pdftex.def)             Requested size: 145.11053pt x 113.70454pt.
<DensityOjos.png, id=18, 403.5075pt x 316.18124pt>
File: DensityOjos.png Graphic file (type png)
<use DensityOjos.png>
Package pdftex.def Info: DensityOjos.png  used on input line 75.
(pdftex.def)             Requested size: 145.11053pt x 113.70454pt.
<DensitySexo.png, id=19, 403.5075pt x 316.18124pt>
File: DensitySexo.png Graphic file (type png)
<use DensitySexo.png>
Package pdftex.def Info: DensitySexo.png  used on input line 78.
(pdftex.def)             Requested size: 145.11053pt x 113.70454pt.
<FrecuenciaOjos.png, id=20, 384.6872pt x 231.11343pt>
File: FrecuenciaOjos.png Graphic file (type png)
<use FrecuenciaOjos.png>
Package pdftex.def Info: FrecuenciaOjos.png  used on input line 88.
(pdftex.def)             Requested size: 193.47578pt x 116.24057pt.
<FrecuenciaCabello.png, id=21, 465.23813pt x 251.43938pt>
File: FrecuenciaCabello.png Graphic file (type png)
<use FrecuenciaCabello.png>
Package pdftex.def Info: FrecuenciaCabello.png  used on input line 91.
(pdftex.def)             Requested size: 193.47578pt x 104.56407pt.
 [4 <./DensityCabello.png> <./DensityOjos.png> <./DensitySexo.png> <./Frecuenci
aOjos.png> <./FrecuenciaCabello.png>]
<FrecuenciaOjosCabello.png, id=31, 465.23813pt x 251.43938pt>
File: FrecuenciaOjosCabello.png Graphic file (type png)
<use FrecuenciaOjosCabello.png>
Package pdftex.def Info: FrecuenciaOjosCabello.png  used on input line 102.
(pdftex.def)             Requested size: 193.47578pt x 104.56407pt.
<FrecuenciaCabelloOjos.png, id=32, 465.23813pt x 251.43938pt>
File: FrecuenciaCabelloOjos.png Graphic file (type png)
<use FrecuenciaCabelloOjos.png>
Package pdftex.def Info: FrecuenciaCabelloOjos.png  used on input line 105.
(pdftex.def)             Requested size: 193.47578pt x 104.56407pt.
<Box1.png, id=33, 403.5075pt x 316.18124pt>
File: Box1.png Graphic file (type png)
<use Box1.png>
Package pdftex.def Info: Box1.png  used on input line 117.
(pdftex.def)             Requested size: 145.11053pt x 113.70454pt.
<BoxCabello.png, id=34, 403.5075pt x 316.18124pt>
File: BoxCabello.png Graphic file (type png)
<use BoxCabello.png>
Package pdftex.def Info: BoxCabello.png  used on input line 120.
(pdftex.def)             Requested size: 145.11053pt x 113.70454pt.
<BoxOjos.png, id=35, 403.5075pt x 316.18124pt>
File: BoxOjos.png Graphic file (type png)
<use BoxOjos.png>
Package pdftex.def Info: BoxOjos.png  used on input line 123.
(pdftex.def)             Requested size: 145.11053pt x 113.70454pt.
<BoxplotCabello.png, id=36, 403.5075pt x 316.18124pt>
File: BoxplotCabello.png Graphic file (type png)
<use BoxplotCabello.png>
Package pdftex.def Info: BoxplotCabello.png  used on input line 132.
(pdftex.def)             Requested size: 193.47578pt x 151.60605pt.
<BoxplotOjos.png, id=37, 403.5075pt x 316.18124pt>
File: BoxplotOjos.png Graphic file (type png)
<use BoxplotOjos.png>
Package pdftex.def Info: BoxplotOjos.png  used on input line 135.
(pdftex.def)             Requested size: 193.47578pt x 151.60605pt.
<Escala.png, id=38, 403.5075pt x 316.18124pt>
File: Escala.png Graphic file (type png)
<use Escala.png>
Package pdftex.def Info: Escala.png  used on input line 143.
(pdftex.def)             Requested size: 322.80644pt x 252.94533pt.
 [5 <./FrecuenciaOjosCabello.png> <./FrecuenciaCabelloOjos.png> <./Box1.png> <.
/BoxCabello.png> <./BoxOjos.png> <./BoxplotCabello.png> <./BoxplotOjos.png>] [6
 <./Escala.png (PNG copy)>]
(Practica_02_CynthiaIvannaCruzQuiñones.bbl
Underfull \hbox (badness 4859) in paragraph at lines 9--14
[]\OT1/cmr/m/n/12 R co-re R-core@R pro-ject.org.  Hair And Eye Co-lor Of Sta-ti
s-tics Stu-dents.
 []


Overfull \hbox (50.36983pt too wide) in paragraph at lines 9--14
\OT1/cmtt/m/n/12 https://www.rdocumentation.org/packages/datasets/versions/3.6.
2/topics/HairEyeColor\OT1/cmr/m/n/12 ,
 []


Underfull \hbox (badness 10000) in paragraph at lines 21--25
[]\OT1/cmr/m/n/12 Cynthia Ivan-na Cruz Qui-no-nes.  Re-po-si-to-rio de Github.
 []

) [7] (Practica_02_CynthiaIvannaCruzQuiñones.aux
LaTeX Info: Redefining \. on input line 8.
LaTeX Info: Redefining \% on input line 8.
) ) 
Here is how much of TeX's memory you used:
 6414 strings out of 479334
 100234 string characters out of 2856610
 418469 words of memory out of 3000000
 23814 multiletter control sequences out of 15000+200000
 412699 words of font info for 63 fonts, out of 3000000 for 9000
 1141 hyphenation exceptions out of 8191
 71i,10n,79p,393b,381s stack positions out of 5000i,500n,10000p,200000b,50000s
 <C:\Users\Ivanna\AppData\Local\MiKTeX\fonts/pk/ljfour/jknappen/ec/dpi600\tc
rm1200.pk><C:/Users/Ivanna/AppData/Local/Programs/MiKTeX/fonts/type1/public/ams
fonts/cm/cmbx12.pfb><C:/Users/Ivanna/AppData/Local/Programs/MiKTeX/fonts/type1/
public/amsfonts/cm/cmr10.pfb><C:/Users/Ivanna/AppData/Local/Programs/MiKTeX/fon
ts/type1/public/amsfonts/cm/cmr12.pfb><C:/Users/Ivanna/AppData/Local/Programs/M
iKTeX/fonts/type1/public/amsfonts/cm/cmr17.pfb><C:/Users/Ivanna/AppData/Local/P
rograms/MiKTeX/fonts/type1/public/amsfonts/cm/cmtt12.pfb>
Output written on Practica_02_CynthiaIvannaCruzQuiñones.pdf (7 pages, 145903 b
ytes).
PDF statistics:
 78 PDF objects out of 1000 (max. 8388607)
 0 named destinations out of 1000 (max. 500000)
 71 words of extra memory for PDF output out of 10000 (max. 10000000)

